2016/06/18 18:07:48 INFO  - jmeter.util.JMeterUtils: Setting Locale to es_BO 
2016/06/18 18:07:48 INFO  - jmeter.util.JMeterUtils: Could not find resources for 'es_BO', using 'es' 
2016/06/18 18:07:48 INFO  - jmeter.JMeter: Loading user properties from: D:\JMETER\apache-jmeter-3.0\bin\user.properties 
2016/06/18 18:07:48 INFO  - jmeter.JMeter: Loading system properties from: D:\JMETER\apache-jmeter-3.0\bin\system.properties 
2016/06/18 18:07:48 INFO  - jmeter.JMeter: Copyright (c) 1998-2016 The Apache Software Foundation 
2016/06/18 18:07:48 INFO  - jmeter.JMeter: Version 3.0 r1743807 
2016/06/18 18:07:48 INFO  - jmeter.JMeter: java.version=1.8.0_77 
2016/06/18 18:07:48 INFO  - jmeter.JMeter: java.vm.name=Java HotSpot(TM) 64-Bit Server VM 
2016/06/18 18:07:48 INFO  - jmeter.JMeter: os.name=Windows 8.1 
2016/06/18 18:07:48 INFO  - jmeter.JMeter: os.arch=amd64 
2016/06/18 18:07:48 INFO  - jmeter.JMeter: os.version=6.3 
2016/06/18 18:07:48 INFO  - jmeter.JMeter: file.encoding=Cp1252 
2016/06/18 18:07:48 INFO  - jmeter.JMeter: Max memory     =523763712 
2016/06/18 18:07:48 INFO  - jmeter.JMeter: Available Processors =4 
2016/06/18 18:07:48 INFO  - jmeter.JMeter: Default Locale=español (Bolivia) 
2016/06/18 18:07:48 INFO  - jmeter.JMeter: JMeter  Locale=español (Bolivia) 
2016/06/18 18:07:48 INFO  - jmeter.JMeter: JMeterHome=D:\JMETER\apache-jmeter-3.0 
2016/06/18 18:07:48 INFO  - jmeter.JMeter: user.dir  =D:\JMETER\apache-jmeter-3.0\bin 
2016/06/18 18:07:48 INFO  - jmeter.JMeter: PWD       =D:\JMETER\apache-jmeter-3.0\bin 
2016/06/18 18:07:48 INFO  - jmeter.JMeter: IP: 192.168.0.16 Name: PERSONA FullName: PERSONA 
2016/06/18 18:07:49 INFO  - jmeter.engine.RemoteJMeterEngineImpl: Starting backing engine on 1099 
2016/06/18 18:07:49 INFO  - jmeter.engine.RemoteJMeterEngineImpl: System property 'java.rmi.server.hostname' is not defined, using localHost address 
2016/06/18 18:07:49 INFO  - jmeter.engine.RemoteJMeterEngineImpl: Local IP address=192.168.0.16 
2016/06/18 18:07:49 INFO  - jmeter.engine.RemoteJMeterEngineImpl: IP address is a site-local address; this may cause problems with remote access.
	Can be overridden by defining the system property 'java.rmi.server.hostname' - see jmeter-server script file 
2016/06/18 18:07:49 INFO  - jmeter.engine.RemoteJMeterEngineImpl: Creating RMI registry (server.rmi.create=true) 
2016/06/18 18:07:50 INFO  - jmeter.engine.RemoteJMeterEngineImpl: Bound to registry on port 1099 
